<?xml version="1.0" encoding="UTF-8"?>
<Site BuildName="Darwin-clang++"
	BuildStamp="20240210-0809-Experimental"
	Name="192.168.0.103"
	Generator="ctest-3.27.7"
	CompilerName="/usr/local/opt/llvm/bin/clang++"
	CompilerVersion="17.0.3"
	OSName="macOS"
	Hostname="192.168.0.103"
	OSRelease="13.5.2"
	OSVersion="22G91"
	OSPlatform="x86_64"
	Is64Bits="1"
	VendorString="GenuineIntel"
	VendorID="Intel Corporation"
	FamilyID="6"
	ModelID="142"
	ProcessorCacheSize="32768"
	NumberOfLogicalCPU="4"
	NumberOfPhysicalCPU="2"
	TotalVirtualMemory="2048"
	TotalPhysicalMemory="8192"
	LogicalProcessorsPerPhysical="8"
	ProcessorClockFrequency="2300"
	>
	<Testing>
		<StartDateTime>Feb 10 16:09 CST</StartDateTime>
		<StartTestTime>1707552576</StartTestTime>
		<TestList/>
		<EndDateTime>Feb 10 16:09 CST</EndDateTime>
		<EndTestTime>1707552576</EndTestTime>
		<ElapsedMinutes>0</ElapsedMinutes>
	</Testing>
</Site>
